<?xml version="1.0" encoding="UTF-8"?>
<!-- Generated by org.testng.reporters.JUnitXMLReporter -->
<testsuite ignored="0" hostname="DESKTOP-IS4CQ26" failures="0" tests="5" name="OpencartTest" time="63.599" errors="0" timestamp="2023-02-20T23:52:51 EST">
  <testcase classname="testCases.TC_001_AccountRegistrationTest" name="test_account_Registration" time="3.949"/>
  <testcase classname="testCases.TC_002_LoginTest" name="test_login" time="1.37"/>
  <testcase classname="testCases.TC_004_SearchProductTest" name="test_pruductSearch" time="0.829"/>
  <testcase classname="testCases.TC_005_AddToCartPageTest" name="test_addToCart" time="3.63"/>
  <testcase classname="testCases.TC_006_EndToEndTest" name="endToendTest" time="40.488"/>
</testsuite> <!-- OpencartTest -->
